<?xml version="1.0" encoding="UTF-8"?>
<!-- Generated by org.testng.reporters.JUnitXMLReporter -->
<testsuite hostname="Jeys-MBP.home" ignored="0" name="Default test" tests="4" failures="0" timestamp="2020-10-25T01:16:17 EDT" time="39.185" errors="0">
  <testcase name="fillTheMeetingFormTest" time="7.406" classname="com.automationlabs.tests.MeetingPageTest"/>
  <testcase name="fillTheMeetingFormTest" time="6.485" classname="com.automationlabs.tests.MeetingPageTest"/>
  <testcase name="fillTheMeetingFormTest" time="6.276" classname="com.automationlabs.tests.MeetingPageTest"/>
  <testcase name="fillTheMeetingFormTest" time="6.669" classname="com.automationlabs.tests.MeetingPageTest"/>
</testsuite> <!-- Default test -->
