<?xml version="1.0" encoding="UTF-8"?>
<!-- Generated by org.testng.reporters.JUnitXMLReporter -->
<testsuite hostname="Jeys-MBP.home" ignored="0" name="Meeting Page Test" tests="4" failures="0" timestamp="2020-11-01T01:38:28 EST" time="37.083" errors="0">
  <testcase name="fillTheMeetingFormTest" time="6.687" classname="com.automationlabs.tests.MeetingPageTest"/>
  <testcase name="fillTheMeetingFormTest" time="6.142" classname="com.automationlabs.tests.MeetingPageTest"/>
  <testcase name="fillTheMeetingFormTest" time="5.937" classname="com.automationlabs.tests.MeetingPageTest"/>
  <testcase name="fillTheMeetingFormTest" time="6.188" classname="com.automationlabs.tests.MeetingPageTest"/>
</testsuite> <!-- Meeting Page Test -->
