<?xml version="1.0" encoding="UTF-8"?>
<!-- Generated by org.testng.reporters.JUnitXMLReporter -->
<testsuite hostname="Jeys-MBP.home" ignored="0" name="Meeting Page Test" tests="4" failures="0" timestamp="2020-11-09T12:22:40 EST" time="42.441" errors="0">
  <testcase name="fillTheMeetingFormTest" time="6.575" classname="com.automationlabs.tests.MeetingPageTest"/>
  <testcase name="fillTheMeetingFormTest" time="5.941" classname="com.automationlabs.tests.MeetingPageTest"/>
  <testcase name="fillTheMeetingFormTest" time="5.82" classname="com.automationlabs.tests.MeetingPageTest"/>
  <testcase name="fillTheMeetingFormTest" time="5.943" classname="com.automationlabs.tests.MeetingPageTest"/>
</testsuite> <!-- Meeting Page Test -->
