<?xml version="1.0" encoding="UTF-8"?>
<!-- Generated by org.testng.reporters.JUnitXMLReporter -->
<testsuite hostname="Jeys-MBP.home" ignored="1" name="Naveen Page Test" tests="3" failures="0" timestamp="2020-11-09T12:22:20 EST" time="22.062" errors="0">
  <testcase name="Link_NaveenAutomationLabs_Test" time="0.146" classname="com.automationlabs.tests.NaveenPageTest"/>
  <testcase name="NaveenPageTitleTest" time="5.01" classname="com.automationlabs.tests.NaveenPageTest"/>
  <testcase name="click_and_GO_Meeting_Test" time="0.433" classname="com.automationlabs.tests.NaveenPageTest"/>
  <testcase name="lifeMottoText_Test" time="0.0" classname="com.automationlabs.tests.NaveenPageTest">
    <ignored/>
  </testcase> <!-- lifeMottoText_Test -->
</testsuite> <!-- Naveen Page Test -->
