<?xml version="1.0" encoding="UTF-8"?>
<testng-results skipped="0" failed="0" ignored="1" total="8" passed="7">
  <reporter-output>
  </reporter-output>
  <suite name="AutomationLabs Test automtion regression suite" duration-ms="37083" started-at="2020-11-01T01:37:51 EST" finished-at="2020-11-01T01:38:28 EST">
    <groups>
    </groups>
    <test name="Naveen Page Test" duration-ms="15649" started-at="2020-11-01T01:37:51 EST" finished-at="2020-11-01T01:38:06 EST">
      <class name="com.automationlabs.tests.NaveenPageTest">
        <test-method status="PASS" signature="setUp()[pri:0, instance:com.automationlabs.tests.NaveenPageTest@4a3e3e8b]" name="setUp" is-config="true" duration-ms="6245" started-at="2020-11-01T01:37:51 EST" finished-at="2020-11-01T01:37:57 EST">
          <reporter-output>
          </reporter-output>
        </test-method> <!-- setUp -->
        <test-method status="PASS" signature="NavenPageSetUP()[pri:0, instance:com.automationlabs.tests.NaveenPageTest@4a3e3e8b]" name="NavenPageSetUP" is-config="true" duration-ms="2304" started-at="2020-11-01T01:37:57 EST" finished-at="2020-11-01T01:38:00 EST">
          <reporter-output>
          </reporter-output>
        </test-method> <!-- NavenPageSetUP -->
        <test-method status="PASS" signature="Link_NaveenAutomationLabs_Test()[pri:0, instance:com.automationlabs.tests.NaveenPageTest@4a3e3e8b]" name="Link_NaveenAutomationLabs_Test" duration-ms="1020" started-at="2020-11-01T01:38:00 EST" finished-at="2020-11-01T01:38:01 EST">
          <reporter-output>
          </reporter-output>
        </test-method> <!-- Link_NaveenAutomationLabs_Test -->
        <test-method status="PASS" signature="NaveenPageTitleTest()[pri:0, instance:com.automationlabs.tests.NaveenPageTest@4a3e3e8b]" name="NaveenPageTitleTest" duration-ms="5031" started-at="2020-11-01T01:38:01 EST" finished-at="2020-11-01T01:38:06 EST">
          <reporter-output>
          </reporter-output>
        </test-method> <!-- NaveenPageTitleTest -->
        <test-method status="PASS" signature="click_and_GO_Meeting_Test()[pri:0, instance:com.automationlabs.tests.NaveenPageTest@4a3e3e8b]" name="click_and_GO_Meeting_Test" duration-ms="757" started-at="2020-11-01T01:38:06 EST" finished-at="2020-11-01T01:38:06 EST">
          <reporter-output>
          </reporter-output>
        </test-method> <!-- click_and_GO_Meeting_Test -->
      </class> <!-- com.automationlabs.tests.NaveenPageTest -->
    </test> <!-- Naveen Page Test -->
    <test name="Meeting Page Test" duration-ms="37083" started-at="2020-11-01T01:37:51 EST" finished-at="2020-11-01T01:38:28 EST">
      <class name="com.automationlabs.tests.MeetingPageTest">
        <test-method status="PASS" signature="setUp()[pri:0, instance:com.automationlabs.tests.MeetingPageTest@363f6148]" name="setUp" is-config="true" duration-ms="5359" started-at="2020-11-01T01:37:51 EST" finished-at="2020-11-01T01:37:56 EST">
          <reporter-output>
          </reporter-output>
        </test-method> <!-- setUp -->
        <test-method status="PASS" signature="MeetingPageSetUP()[pri:0, instance:com.automationlabs.tests.MeetingPageTest@363f6148]" name="MeetingPageSetUP" is-config="true" duration-ms="5045" started-at="2020-11-01T01:37:56 EST" finished-at="2020-11-01T01:38:01 EST">
          <reporter-output>
          </reporter-output>
        </test-method> <!-- MeetingPageSetUP -->
        <test-method status="PASS" signature="fillTheMeetingFormTest(java.lang.String, java.lang.String, java.lang.String, java.lang.String)[pri:1, instance:com.automationlabs.tests.MeetingPageTest@363f6148]" name="fillTheMeetingFormTest" duration-ms="6687" started-at="2020-11-01T01:38:03 EST" data-provider="getTestDataTest" finished-at="2020-11-01T01:38:10 EST">
          <params>
            <param index="0">
              <value>
                <![CDATA[Hello Naveen this is one of your student Jeyhun Ali just would like to say your website and as well as your youtube channel helped me a lot to improve and make my confident very high level]]>
              </value>
            </param>
            <param index="1">
              <value>
                <![CDATA[Jeyhun Aliyev]]>
              </value>
            </param>
            <param index="2">
              <value>
                <![CDATA[Ali-ceyhun@list.ru]]>
              </value>
            </param>
            <param index="3">
              <value>
                <![CDATA[NaveenAutomationLabs]]>
              </value>
            </param>
          </params>
          <reporter-output>
          </reporter-output>
        </test-method> <!-- fillTheMeetingFormTest -->
        <test-method status="PASS" signature="fillTheMeetingFormTest(java.lang.String, java.lang.String, java.lang.String, java.lang.String)[pri:1, instance:com.automationlabs.tests.MeetingPageTest@363f6148]" name="fillTheMeetingFormTest" duration-ms="6142" started-at="2020-11-01T01:38:10 EST" data-provider="getTestDataTest" finished-at="2020-11-01T01:38:16 EST">
          <params>
            <param index="0">
              <value>
                <![CDATA[Hello  Naveen your WebPAge is full of information and resources thank you very much]]>
              </value>
            </param>
            <param index="1">
              <value>
                <![CDATA[Tural Tom]]>
              </value>
            </param>
            <param index="2">
              <value>
                <![CDATA[Tural@gmail.com]]>
              </value>
            </param>
            <param index="3">
              <value>
                <![CDATA[NaveenAutomationLabs]]>
              </value>
            </param>
          </params>
          <reporter-output>
          </reporter-output>
        </test-method> <!-- fillTheMeetingFormTest -->
        <test-method status="PASS" signature="fillTheMeetingFormTest(java.lang.String, java.lang.String, java.lang.String, java.lang.String)[pri:1, instance:com.automationlabs.tests.MeetingPageTest@363f6148]" name="fillTheMeetingFormTest" duration-ms="5937" started-at="2020-11-01T01:38:16 EST" data-provider="getTestDataTest" finished-at="2020-11-01T01:38:22 EST">
          <params>
            <param index="0">
              <value>
                <![CDATA[Hello Naveen like your youtube channel ]]>
              </value>
            </param>
            <param index="1">
              <value>
                <![CDATA[Melisa Tuylu]]>
              </value>
            </param>
            <param index="2">
              <value>
                <![CDATA[Melisa@gmail.com]]>
              </value>
            </param>
            <param index="3">
              <value>
                <![CDATA[NaveenAutomationLabs]]>
              </value>
            </param>
          </params>
          <reporter-output>
          </reporter-output>
        </test-method> <!-- fillTheMeetingFormTest -->
        <test-method status="PASS" signature="fillTheMeetingFormTest(java.lang.String, java.lang.String, java.lang.String, java.lang.String)[pri:1, instance:com.automationlabs.tests.MeetingPageTest@363f6148]" name="fillTheMeetingFormTest" duration-ms="6188" started-at="2020-11-01T01:38:22 EST" data-provider="getTestDataTest" finished-at="2020-11-01T01:38:28 EST">
          <params>
            <param index="0">
              <value>
                <![CDATA[this comment comes from friends they like your webPage abd youtube channel one of them currently preparing interview by whatching your youtube Videos]]>
              </value>
            </param>
            <param index="1">
              <value>
                <![CDATA[Tayfun Koc]]>
              </value>
            </param>
            <param index="2">
              <value>
                <![CDATA[Tayfun@gmail.com]]>
              </value>
            </param>
            <param index="3">
              <value>
                <![CDATA[NaveenAutomationLabs]]>
              </value>
            </param>
          </params>
          <reporter-output>
          </reporter-output>
        </test-method> <!-- fillTheMeetingFormTest -->
      </class> <!-- com.automationlabs.tests.MeetingPageTest -->
    </test> <!-- Meeting Page Test -->
  </suite> <!-- AutomationLabs Test automtion regression suite -->
</testng-results>
