<?xml version="1.0" encoding="UTF-8"?>
<testng-results skipped="0" failed="0" ignored="0" total="4" passed="4">
  <reporter-output>
  </reporter-output>
  <suite name="Default suite" duration-ms="45773" started-at="2020-11-02T23:58:47 EST" finished-at="2020-11-02T23:59:33 EST">
    <groups>
    </groups>
    <test name="Default test" duration-ms="45773" started-at="2020-11-02T23:58:47 EST" finished-at="2020-11-02T23:59:33 EST">
      <class name="com.automationlabs.tests.MeetingPageTest">
        <test-method status="PASS" signature="setUp()[pri:0, instance:com.automationlabs.tests.MeetingPageTest@a7e2d9d]" name="setUp" is-config="true" duration-ms="13841" started-at="2020-11-02T23:58:47 EST" finished-at="2020-11-02T23:59:01 EST">
          <reporter-output>
          </reporter-output>
        </test-method> <!-- setUp -->
        <test-method status="PASS" signature="MeetingPageSetUP()[pri:0, instance:com.automationlabs.tests.MeetingPageTest@a7e2d9d]" name="MeetingPageSetUP" is-config="true" duration-ms="6756" started-at="2020-11-02T23:59:01 EST" finished-at="2020-11-02T23:59:08 EST">
          <reporter-output>
          </reporter-output>
        </test-method> <!-- MeetingPageSetUP -->
        <test-method status="PASS" signature="fillTheMeetingFormTest(java.lang.String, java.lang.String, java.lang.String, java.lang.String)[pri:1, instance:com.automationlabs.tests.MeetingPageTest@a7e2d9d]" name="fillTheMeetingFormTest" duration-ms="6388" started-at="2020-11-02T23:59:09 EST" data-provider="getTestDataTest" finished-at="2020-11-02T23:59:15 EST">
          <params>
            <param index="0">
              <value>
                <![CDATA[Hello Naveen this is one of your student Jeyhun Ali just would like to say your website and as well as your youtube channel helped me a lot to improve and make my confident very high level]]>
              </value>
            </param>
            <param index="1">
              <value>
                <![CDATA[Jeyhun Aliyev]]>
              </value>
            </param>
            <param index="2">
              <value>
                <![CDATA[Ali-ceyhun@list.ru]]>
              </value>
            </param>
            <param index="3">
              <value>
                <![CDATA[NaveenAutomationLabs]]>
              </value>
            </param>
          </params>
          <reporter-output>
          </reporter-output>
        </test-method> <!-- fillTheMeetingFormTest -->
        <test-method status="PASS" signature="fillTheMeetingFormTest(java.lang.String, java.lang.String, java.lang.String, java.lang.String)[pri:1, instance:com.automationlabs.tests.MeetingPageTest@a7e2d9d]" name="fillTheMeetingFormTest" duration-ms="5930" started-at="2020-11-02T23:59:15 EST" data-provider="getTestDataTest" finished-at="2020-11-02T23:59:21 EST">
          <params>
            <param index="0">
              <value>
                <![CDATA[Hello  Naveen your WebPAge is full of information and resources thank you very much]]>
              </value>
            </param>
            <param index="1">
              <value>
                <![CDATA[Tural Tom]]>
              </value>
            </param>
            <param index="2">
              <value>
                <![CDATA[Tural@gmail.com]]>
              </value>
            </param>
            <param index="3">
              <value>
                <![CDATA[NaveenAutomationLabs]]>
              </value>
            </param>
          </params>
          <reporter-output>
          </reporter-output>
        </test-method> <!-- fillTheMeetingFormTest -->
        <test-method status="PASS" signature="fillTheMeetingFormTest(java.lang.String, java.lang.String, java.lang.String, java.lang.String)[pri:1, instance:com.automationlabs.tests.MeetingPageTest@a7e2d9d]" name="fillTheMeetingFormTest" duration-ms="5832" started-at="2020-11-02T23:59:21 EST" data-provider="getTestDataTest" finished-at="2020-11-02T23:59:27 EST">
          <params>
            <param index="0">
              <value>
                <![CDATA[Hello Naveen like your youtube channel ]]>
              </value>
            </param>
            <param index="1">
              <value>
                <![CDATA[Melisa Tuylu]]>
              </value>
            </param>
            <param index="2">
              <value>
                <![CDATA[Melisa@gmail.com]]>
              </value>
            </param>
            <param index="3">
              <value>
                <![CDATA[NaveenAutomationLabs]]>
              </value>
            </param>
          </params>
          <reporter-output>
          </reporter-output>
        </test-method> <!-- fillTheMeetingFormTest -->
        <test-method status="PASS" signature="fillTheMeetingFormTest(java.lang.String, java.lang.String, java.lang.String, java.lang.String)[pri:1, instance:com.automationlabs.tests.MeetingPageTest@a7e2d9d]" name="fillTheMeetingFormTest" duration-ms="5952" started-at="2020-11-02T23:59:27 EST" data-provider="getTestDataTest" finished-at="2020-11-02T23:59:33 EST">
          <params>
            <param index="0">
              <value>
                <![CDATA[this comment comes from friends they like your webPage abd youtube channel one of them currently preparing interview by whatching your youtube Videos]]>
              </value>
            </param>
            <param index="1">
              <value>
                <![CDATA[Tayfun Koc]]>
              </value>
            </param>
            <param index="2">
              <value>
                <![CDATA[Tayfun@gmail.com]]>
              </value>
            </param>
            <param index="3">
              <value>
                <![CDATA[NaveenAutomationLabs]]>
              </value>
            </param>
          </params>
          <reporter-output>
          </reporter-output>
        </test-method> <!-- fillTheMeetingFormTest -->
      </class> <!-- com.automationlabs.tests.MeetingPageTest -->
    </test> <!-- Default test -->
  </suite> <!-- Default suite -->
</testng-results>
